<?xml version="1.0" encoding="UTF-8"?>
<!-- Generated by org.testng.reporters.JUnitXMLReporter -->
<testsuite ignored="0" hostname="LAPTOP-L5FSH07B" failures="0" tests="12" name="Test" time="114.215" errors="0" timestamp="2021-09-20T12:58:21 IST">
  <testcase classname="com.qa.testscript.TC_007_Update_Password" name="update_password" time="4.605"/>
  <testcase classname="com.qa.testscript.TC_006_Address" name="add_new_address" time="12.701"/>
  <testcase classname="com.qa.testscript.Tc_006_Product_remove_cart" name="delete_item_cart" time="16.154"/>
  <testcase classname="com.qa.testscript.TC_005_AddToCart" name="verifyAddToCart" time="17.274"/>
  <testcase classname="com.qa.testscript.TC_005_AddToCart" name="SelectQuantity" time="3.225"/>
  <testcase classname="com.qa.testscript.TC_005_AddToCart" name="VerifyQuantity" time="4.196"/>
  <testcase classname="com.qa.testscript.TC_006_Address" name="update_Address" time="13.924"/>
  <testcase classname="com.qa.testscript.TC_006_Address" name="delete_address" time="4.083"/>
  <testcase classname="com.qa.testscript.TC_005_AddToCart" name="SelectSize_color" time="10.081"/>
  <testcase classname="com.qa.testscript.TC_005_AddToCart" name="Verify_Cart" time="14.008"/>
  <testcase classname="com.qa.testscript.TC_005_AddToCart" name="Payment" time="13.295"/>
  <testcase classname="com.qa.testscript.TC_005_AddToCart" name="navigate_to_home" time="14.319"/>
</testsuite> <!-- Test -->
