<?xml version="1.0" encoding="UTF-8"?>
<testng-results ignored="0" total="2" passed="2" failed="0" skipped="0">
  <reporter-output>
  </reporter-output>
  <suite started-at="2021-09-21T16:49:20 IST" name="Suite" finished-at="2021-09-21T16:51:28 IST" duration-ms="127370">
    <groups>
    </groups>
    <test started-at="2021-09-21T16:49:20 IST" name="Test" finished-at="2021-09-21T16:51:28 IST" duration-ms="127370">
      <class name="com.qa.testscript.TC_009_Registration">
        <test-method is-config="true" signature="setup(org.testng.ITestContext)[pri:0, instance:com.qa.testscript.TC_009_Registration@6e535154]" started-at="2021-09-21T16:49:20 IST" name="setup" finished-at="2021-09-21T16:50:05 IST" duration-ms="44813" status="PASS">
          <params>
            <param index="0">
              <value>
                <![CDATA[org.testng.TestRunner@18920cc]]>
              </value>
            </param>
          </params>
          <reporter-output>
          </reporter-output>
        </test-method> <!-- setup -->
        <test-method signature="Account()[pri:0, instance:com.qa.testscript.TC_009_Registration@6e535154]" started-at="2021-09-21T16:50:05 IST" name="Account" finished-at="2021-09-21T16:51:14 IST" duration-ms="68385" status="PASS">
          <reporter-output>
          </reporter-output>
        </test-method> <!-- Account -->
        <test-method is-config="true" signature="teardown()[pri:0, instance:com.qa.testscript.TC_009_Registration@6e535154]" started-at="2021-09-21T16:51:14 IST" name="teardown" finished-at="2021-09-21T16:51:28 IST" duration-ms="14114" status="PASS">
          <reporter-output>
          </reporter-output>
        </test-method> <!-- teardown -->
      </class> <!-- com.qa.testscript.TC_009_Registration -->
      <class name="com.qa.testscript.TC_008_ContactUs">
        <test-method is-config="true" signature="setup(org.testng.ITestContext)[pri:0, instance:com.qa.testscript.TC_008_ContactUs@17bffc17]" started-at="2021-09-21T16:49:20 IST" name="setup" finished-at="2021-09-21T16:50:04 IST" duration-ms="43776" status="PASS">
          <params>
            <param index="0">
              <value>
                <![CDATA[org.testng.TestRunner@18920cc]]>
              </value>
            </param>
          </params>
          <reporter-output>
          </reporter-output>
        </test-method> <!-- setup -->
        <test-method signature="supportTest()[pri:0, instance:com.qa.testscript.TC_008_ContactUs@17bffc17]" started-at="2021-09-21T16:50:04 IST" name="supportTest" finished-at="2021-09-21T16:50:23 IST" duration-ms="18982" status="PASS">
          <reporter-output>
          </reporter-output>
        </test-method> <!-- supportTest -->
        <test-method is-config="true" signature="teardown()[pri:0, instance:com.qa.testscript.TC_008_ContactUs@17bffc17]" started-at="2021-09-21T16:50:23 IST" name="teardown" finished-at="2021-09-21T16:50:39 IST" duration-ms="15828" status="PASS">
          <reporter-output>
          </reporter-output>
        </test-method> <!-- teardown -->
      </class> <!-- com.qa.testscript.TC_008_ContactUs -->
    </test> <!-- Test -->
  </suite> <!-- Suite -->
</testng-results>
